<?xml version="1.0" encoding="UTF-8"?>
<!-- Generated by org.testng.reporters.JUnitReportReporter -->
<testsuite skipped="0" hostname="Dell-PC" name="com.AutomationFramework.testcases.demotest" tests="1" failures="0" timestamp="2020-12-21T19:23:24 IST" time="7.912" errors="0">
  <testcase name="loginTest" time="7.912" classname="com.AutomationFramework.testcases.demotest"/>
  <system-out/>
</testsuite> <!-- com.AutomationFramework.testcases.demotest -->
